[2019-11-24 13:00:38][INFOS  ][me.elhoussam.core.Manager:78]Start Manager Applicaion
[2019-11-24 13:00:38][INFOS  ][me.elhoussam.util.sys.SecurityHandler:35]The External policy file doesn't exist.. we will use the internal
[2019-11-24 13:00:38][INFOS  ][me.elhoussam.util.sys.SecurityHandler:38]security path = file:/C:/Users/Administrateur/eclipse-workspace/setupManager/target/classes/conf/sec.policy
[2019-11-24 13:00:38][INFOS  ][me.elhoussam.util.sys.SecurityHandler:41]The Security policy is initialized
[2019-11-24 13:00:38][INFOS  ][me.elhoussam.util.sys.SecurityHandler:58]The Security policy setup
[2019-11-24 13:00:38][INFOS  ][me.elhoussam.core.Manager:27]Security State : file:/C:/Users/Administrateur/eclipse-workspace/setupManager/target/classes/conf/sec.policy
[2019-11-24 13:00:40][INFOS  ][me.elhoussam.core.Manager:41]Manager Ip Address : 192.168.1.3
[2019-11-24 13:00:41][GRAVE  ][me.elhoussam.core.Manager:50]Manager App failed: java.rmi.server.ExportException
[2019-11-24 13:00:41][INFOS  ][me.elhoussam.util.sys.PropertyHandler:34]The External config file doesn't exist.. we will use the internal
[2019-11-24 13:00:41][INFOS  ][me.elhoussam.util.sys.PropertyHandler:41]config path = null
[2019-11-24 13:00:41][INFOS  ][me.elhoussam.util.sys.PropertyHandler:47]PropertyHandler read value 60
[2019-11-24 13:00:41][INFOS  ][me.elhoussam.core.connection:35]Connection launch Notifier thread
[2019-11-24 13:00:41][INFOS  ][me.elhoussam.core.connection:39]Manager launch Checker thread
[2019-11-24 13:00:41][INFOS  ][me.elhoussam.core.connection:43]Manager launch Eliminator thread
[2019-11-24 13:00:41][INFOS  ][me.elhoussam.core.connection$3:163]Connection Notifier: Waiting
[2019-11-24 13:00:41][INFOS  ][me.elhoussam.util.sys.PropertyHandler:34]The External config file doesn't exist.. we will use the internal
[2019-11-24 13:00:41][INFOS  ][me.elhoussam.util.sys.PropertyHandler:41]config path = null
[2019-11-24 13:00:41][INFOS  ][me.elhoussam.util.sys.PropertyHandler:47]PropertyHandler read value 180
[2019-11-24 13:00:51][INFOS  ][me.elhoussam.core.Manager:78]Start Manager Applicaion
[2019-11-24 13:00:51][INFOS  ][me.elhoussam.util.sys.SecurityHandler:35]The External policy file doesn't exist.. we will use the internal
[2019-11-24 13:00:51][INFOS  ][me.elhoussam.util.sys.SecurityHandler:38]security path = file:/C:/Users/Administrateur/eclipse-workspace/setupManager/target/classes/conf/sec.policy
[2019-11-24 13:00:51][INFOS  ][me.elhoussam.util.sys.SecurityHandler:41]The Security policy is initialized
[2019-11-24 13:00:51][INFOS  ][me.elhoussam.util.sys.SecurityHandler:58]The Security policy setup
[2019-11-24 13:00:51][INFOS  ][me.elhoussam.core.Manager:27]Security State : file:/C:/Users/Administrateur/eclipse-workspace/setupManager/target/classes/conf/sec.policy
[2019-11-24 13:00:53][INFOS  ][me.elhoussam.core.Manager:41]Manager Ip Address : 192.168.1.3
[2019-11-24 13:00:54][INFOS  ][me.elhoussam.core.Manager:47]Manager Server is ready.
[2019-11-24 13:00:54][INFOS  ][me.elhoussam.util.sys.PropertyHandler:34]The External config file doesn't exist.. we will use the internal
[2019-11-24 13:00:54][INFOS  ][me.elhoussam.util.sys.PropertyHandler:41]config path = null
[2019-11-24 13:00:54][INFOS  ][me.elhoussam.util.sys.PropertyHandler:47]PropertyHandler read value 60
[2019-11-24 13:00:54][INFOS  ][me.elhoussam.core.connection:35]Connection launch Notifier thread
[2019-11-24 13:00:54][INFOS  ][me.elhoussam.core.connection$3:163]Connection Notifier: Waiting
[2019-11-24 13:00:54][INFOS  ][me.elhoussam.core.connection:39]Manager launch Checker thread
[2019-11-24 13:00:54][INFOS  ][me.elhoussam.core.connection:43]Manager launch Eliminator thread
[2019-11-24 13:00:54][INFOS  ][me.elhoussam.util.sys.PropertyHandler:34]The External config file doesn't exist.. we will use the internal
[2019-11-24 13:00:54][INFOS  ][me.elhoussam.util.sys.PropertyHandler:41]config path = null
[2019-11-24 13:00:54][INFOS  ][me.elhoussam.util.sys.PropertyHandler:47]PropertyHandler read value 180
[2019-11-24 13:00:59][GRAVE  ][me.elhoussam.core.Manager:87]Manager start :java.util.NoSuchElementException
[2019-11-24 13:01:09][INFOS  ][me.elhoussam.core.Manager:78]Start Manager Applicaion
[2019-11-24 13:01:09][INFOS  ][me.elhoussam.util.sys.SecurityHandler:35]The External policy file doesn't exist.. we will use the internal
[2019-11-24 13:01:09][INFOS  ][me.elhoussam.util.sys.SecurityHandler:38]security path = file:/C:/Users/Administrateur/eclipse-workspace/setupManager/target/classes/conf/sec.policy
[2019-11-24 13:01:09][INFOS  ][me.elhoussam.util.sys.SecurityHandler:41]The Security policy is initialized
[2019-11-24 13:01:09][INFOS  ][me.elhoussam.util.sys.SecurityHandler:58]The Security policy setup
[2019-11-24 13:01:09][INFOS  ][me.elhoussam.core.Manager:27]Security State : file:/C:/Users/Administrateur/eclipse-workspace/setupManager/target/classes/conf/sec.policy
[2019-11-24 13:01:11][INFOS  ][me.elhoussam.core.Manager:41]Manager Ip Address : 192.168.1.3
[2019-11-24 13:01:12][INFOS  ][me.elhoussam.core.Manager:47]Manager Server is ready.
[2019-11-24 13:01:12][INFOS  ][me.elhoussam.util.sys.PropertyHandler:34]The External config file doesn't exist.. we will use the internal
[2019-11-24 13:01:12][INFOS  ][me.elhoussam.util.sys.PropertyHandler:41]config path = null
[2019-11-24 13:01:12][INFOS  ][me.elhoussam.util.sys.PropertyHandler:47]PropertyHandler read value 60
[2019-11-24 13:01:12][INFOS  ][me.elhoussam.core.connection:35]Connection launch Notifier thread
[2019-11-24 13:01:12][INFOS  ][me.elhoussam.core.connection$3:163]Connection Notifier: Waiting
[2019-11-24 13:01:12][INFOS  ][me.elhoussam.core.connection:39]Manager launch Checker thread
[2019-11-24 13:01:12][INFOS  ][me.elhoussam.core.connection:43]Manager launch Eliminator thread
[2019-11-24 13:01:12][INFOS  ][me.elhoussam.util.sys.PropertyHandler:34]The External config file doesn't exist.. we will use the internal
[2019-11-24 13:01:12][INFOS  ][me.elhoussam.util.sys.PropertyHandler:41]config path = null
[2019-11-24 13:01:12][INFOS  ][me.elhoussam.util.sys.PropertyHandler:47]PropertyHandler read value 180
[2019-11-24 13:01:18][GRAVE  ][me.elhoussam.core.Manager:87]Manager start :java.util.NoSuchElementException
[2019-11-24 13:02:18][INFOS  ][me.elhoussam.core.Manager:78]Start Manager Applicaion
[2019-11-24 13:02:18][INFOS  ][me.elhoussam.util.sys.SecurityHandler:35]The External policy file doesn't exist.. we will use the internal
[2019-11-24 13:02:18][INFOS  ][me.elhoussam.util.sys.SecurityHandler:38]security path = file:/C:/Users/Administrateur/eclipse-workspace/setupManager/target/classes/conf/sec.policy
[2019-11-24 13:02:18][INFOS  ][me.elhoussam.util.sys.SecurityHandler:41]The Security policy is initialized
[2019-11-24 13:02:18][INFOS  ][me.elhoussam.util.sys.SecurityHandler:58]The Security policy setup
[2019-11-24 13:02:18][INFOS  ][me.elhoussam.core.Manager:27]Security State : file:/C:/Users/Administrateur/eclipse-workspace/setupManager/target/classes/conf/sec.policy
[2019-11-24 13:02:20][INFOS  ][me.elhoussam.core.Manager:41]Manager Ip Address : 192.168.1.3
[2019-11-24 13:02:20][INFOS  ][me.elhoussam.core.Manager:47]Manager Server is ready.
[2019-11-24 13:02:20][INFOS  ][me.elhoussam.util.sys.PropertyHandler:34]The External config file doesn't exist.. we will use the internal
[2019-11-24 13:02:20][INFOS  ][me.elhoussam.util.sys.PropertyHandler:41]config path = null
[2019-11-24 13:02:20][INFOS  ][me.elhoussam.util.sys.PropertyHandler:47]PropertyHandler read value 60
[2019-11-24 13:02:20][INFOS  ][me.elhoussam.core.connection:35]Connection launch Notifier thread
[2019-11-24 13:02:20][INFOS  ][me.elhoussam.core.connection$3:163]Connection Notifier: Waiting
[2019-11-24 13:02:20][INFOS  ][me.elhoussam.core.connection:39]Manager launch Checker thread
[2019-11-24 13:02:20][INFOS  ][me.elhoussam.core.connection:43]Manager launch Eliminator thread
[2019-11-24 13:02:20][INFOS  ][me.elhoussam.util.sys.PropertyHandler:34]The External config file doesn't exist.. we will use the internal
[2019-11-24 13:02:20][INFOS  ][me.elhoussam.util.sys.PropertyHandler:41]config path = null
[2019-11-24 13:02:20][INFOS  ][me.elhoussam.util.sys.PropertyHandler:47]PropertyHandler read value 180
[2019-11-24 13:02:36][GRAVE  ][me.elhoussam.core.Manager:87]Manager start :java.util.NoSuchElementException
[2019-11-24 13:09:11][INFOS  ][me.elhoussam.core.Manager:78]Start Manager Applicaion
[2019-11-24 13:09:12][INFOS  ][me.elhoussam.util.sys.SecurityHandler:35]The External policy file doesn't exist.. we will use the internal
[2019-11-24 13:09:12][INFOS  ][me.elhoussam.util.sys.SecurityHandler:38]security path = file:/C:/Users/Administrateur/eclipse-workspace/setupManager/target/classes/conf/sec.policy
[2019-11-24 13:09:12][INFOS  ][me.elhoussam.util.sys.SecurityHandler:41]The Security policy is initialized
[2019-11-24 13:09:12][INFOS  ][me.elhoussam.util.sys.SecurityHandler:58]The Security policy setup
[2019-11-24 13:09:12][INFOS  ][me.elhoussam.core.Manager:27]Security State : file:/C:/Users/Administrateur/eclipse-workspace/setupManager/target/classes/conf/sec.policy
[2019-11-24 13:09:14][INFOS  ][me.elhoussam.core.Manager:41]Manager Ip Address : 192.168.1.3
[2019-11-24 13:09:18][INFOS  ][me.elhoussam.core.Manager:47]Manager Server is ready.
[2019-11-24 13:09:18][INFOS  ][me.elhoussam.util.sys.PropertyHandler:34]The External config file doesn't exist.. we will use the internal
[2019-11-24 13:09:18][INFOS  ][me.elhoussam.util.sys.PropertyHandler:41]config path = null
[2019-11-24 13:09:18][INFOS  ][me.elhoussam.util.sys.PropertyHandler:47]PropertyHandler read value 60
[2019-11-24 13:09:18][INFOS  ][me.elhoussam.core.connection:35]Connection launch Notifier thread
[2019-11-24 13:09:18][INFOS  ][me.elhoussam.core.connection:39]Manager launch Checker thread
[2019-11-24 13:09:18][INFOS  ][me.elhoussam.core.connection:43]Manager launch Eliminator thread
[2019-11-24 13:09:18][INFOS  ][me.elhoussam.core.connection$3:163]Connection Notifier: Waiting
[2019-11-24 13:09:18][INFOS  ][me.elhoussam.util.sys.PropertyHandler:34]The External config file doesn't exist.. we will use the internal
[2019-11-24 13:09:18][INFOS  ][me.elhoussam.util.sys.PropertyHandler:41]config path = null
[2019-11-24 13:09:18][INFOS  ][me.elhoussam.util.sys.PropertyHandler:47]PropertyHandler read value 180
[2019-11-24 13:09:48][SEVERE ][me.elhoussam.core.Manager:87]Manager start :java.util.NoSuchElementException
[2019-11-24 13:12:23][INFOS  ][me.elhoussam.core.Manager:78]Start Manager Applicaion
[2019-11-24 13:12:23][INFOS  ][me.elhoussam.util.sys.SecurityHandler:35]The External policy file doesn't exist.. we will use the internal
[2019-11-24 13:12:23][INFOS  ][me.elhoussam.util.sys.SecurityHandler:38]security path = file:/C:/Users/Administrateur/eclipse-workspace/setupManager/target/classes/conf/sec.policy
[2019-11-24 13:12:23][INFOS  ][me.elhoussam.util.sys.SecurityHandler:41]The Security policy is initialized
[2019-11-24 13:12:23][INFOS  ][me.elhoussam.util.sys.SecurityHandler:58]The Security policy setup
[2019-11-24 13:12:23][INFOS  ][me.elhoussam.core.Manager:27]Security State : file:/C:/Users/Administrateur/eclipse-workspace/setupManager/target/classes/conf/sec.policy
[2019-11-24 13:12:26][INFOS  ][me.elhoussam.core.Manager:41]Manager Ip Address : 192.168.1.3
[2019-11-24 13:12:26][INFOS  ][me.elhoussam.core.Manager:47]Manager Server is ready.
[2019-11-24 13:12:26][INFOS  ][me.elhoussam.util.sys.PropertyHandler:34]The External config file doesn't exist.. we will use the internal
[2019-11-24 13:12:26][INFOS  ][me.elhoussam.util.sys.PropertyHandler:41]config path = null
[2019-11-24 13:12:26][INFOS  ][me.elhoussam.util.sys.PropertyHandler:47]PropertyHandler read value 60
[2019-11-24 13:12:26][INFOS  ][me.elhoussam.core.connection:35]Connection launch Notifier thread
[2019-11-24 13:12:26][INFOS  ][me.elhoussam.core.connection$3:163]Connection Notifier: Waiting
[2019-11-24 13:12:26][INFOS  ][me.elhoussam.core.connection:39]Manager launch Checker thread
[2019-11-24 13:12:26][INFOS  ][me.elhoussam.core.connection:43]Manager launch Eliminator thread
[2019-11-24 13:12:26][INFOS  ][me.elhoussam.util.sys.PropertyHandler:34]The External config file doesn't exist.. we will use the internal
[2019-11-24 13:12:26][INFOS  ][me.elhoussam.util.sys.PropertyHandler:41]config path = null
[2019-11-24 13:12:26][INFOS  ][me.elhoussam.util.sys.PropertyHandler:47]PropertyHandler read value 180
[2019-11-24 13:13:10][INFOS  ][me.elhoussam.core.Manager:78]Start Manager Applicaion
[2019-11-24 13:13:28][INFOS  ][me.elhoussam.util.sys.SecurityHandler:35]The External policy file doesn't exist.. we will use the internal
[2019-11-24 13:13:28][INFOS  ][me.elhoussam.util.sys.SecurityHandler:38]security path = file:/C:/Users/Administrateur/eclipse-workspace/setupManager/target/classes/conf/sec.policy
[2019-11-24 13:13:28][INFOS  ][me.elhoussam.util.sys.SecurityHandler:41]The Security policy is initialized
[2019-11-24 13:13:28][INFOS  ][me.elhoussam.util.sys.SecurityHandler:58]The Security policy setup
[2019-11-24 13:13:44][INFOS  ][me.elhoussam.core.Manager:27]Security State : file:/C:/Users/Administrateur/eclipse-workspace/setupManager/target/classes/conf/sec.policy
[2019-11-24 13:13:50][INFOS  ][me.elhoussam.core.Manager:41]Manager Ip Address : 192.168.1.3
[2019-11-24 13:13:53][INFOS  ][me.elhoussam.core.Manager:47]Manager Server is ready.
[2019-11-24 13:15:07][INFOS  ][me.elhoussam.util.sys.PropertyHandler:34]The External config file doesn't exist.. we will use the internal
[2019-11-24 13:15:07][INFOS  ][me.elhoussam.util.sys.PropertyHandler:41]config path = null
[2019-11-24 13:15:07][INFOS  ][me.elhoussam.util.sys.PropertyHandler:47]PropertyHandler read value 60
[2019-11-24 13:15:21][INFOS  ][me.elhoussam.core.connection:35]Connection launch Notifier thread
[2019-11-24 13:15:21][INFOS  ][me.elhoussam.core.connection:39]Manager launch Checker thread
[2019-11-24 13:15:21][INFOS  ][me.elhoussam.core.connection:43]Manager launch Eliminator thread
[2019-11-24 13:16:55][SEVERE ][me.elhoussam.core.Manager:87]Manager start :java.util.NoSuchElementException
[2019-11-24 13:18:06][INFOS  ][me.elhoussam.core.Manager:78]Start Manager Applicaion
[2019-11-24 13:18:06][INFOS  ][me.elhoussam.util.sys.SecurityHandler:35]The External policy file doesn't exist.. we will use the internal
[2019-11-24 13:18:06][INFOS  ][me.elhoussam.util.sys.SecurityHandler:38]security path = file:/C:/Users/Administrateur/eclipse-workspace/setupManager/target/classes/conf/sec.policy
[2019-11-24 13:18:06][INFOS  ][me.elhoussam.util.sys.SecurityHandler:41]The Security policy is initialized
[2019-11-24 13:18:06][INFOS  ][me.elhoussam.util.sys.SecurityHandler:58]The Security policy setup
[2019-11-24 13:18:06][INFOS  ][me.elhoussam.core.Manager:27]Security State : file:/C:/Users/Administrateur/eclipse-workspace/setupManager/target/classes/conf/sec.policy
[2019-11-24 13:18:09][INFOS  ][me.elhoussam.core.Manager:41]Manager Ip Address : 192.168.1.3
[2019-11-24 13:18:09][INFOS  ][me.elhoussam.core.Manager:47]Manager Server is ready.
[2019-11-24 13:18:09][INFOS  ][me.elhoussam.util.sys.PropertyHandler:34]The External config file doesn't exist.. we will use the internal
[2019-11-24 13:18:09][INFOS  ][me.elhoussam.util.sys.PropertyHandler:41]config path = null
[2019-11-24 13:18:09][INFOS  ][me.elhoussam.util.sys.PropertyHandler:47]PropertyHandler read value 60
[2019-11-24 13:18:09][INFOS  ][me.elhoussam.core.connection:35]Connection launch Notifier thread
[2019-11-24 13:18:09][INFOS  ][me.elhoussam.core.connection:39]Manager launch Checker thread
[2019-11-24 13:18:09][INFOS  ][me.elhoussam.core.connection:43]Manager launch Eliminator thread
[2019-11-24 13:20:11][INFOS  ][me.elhoussam.core.connection$3:163]Connection Notifier: Waiting
[2019-11-24 13:22:43][INFOS  ][me.elhoussam.core.Manager:78]Start Manager Applicaion
[2019-11-24 13:22:43][INFOS  ][me.elhoussam.util.sys.SecurityHandler:35]The External policy file doesn't exist.. we will use the internal
[2019-11-24 13:22:43][INFOS  ][me.elhoussam.util.sys.SecurityHandler:38]security path = file:/C:/Users/Administrateur/eclipse-workspace/setupManager/target/classes/conf/sec.policy
[2019-11-24 13:22:43][INFOS  ][me.elhoussam.util.sys.SecurityHandler:41]The Security policy is initialized
[2019-11-24 13:22:43][INFOS  ][me.elhoussam.util.sys.SecurityHandler:58]The Security policy setup
[2019-11-24 13:22:43][INFOS  ][me.elhoussam.core.Manager:27]Security State : file:/C:/Users/Administrateur/eclipse-workspace/setupManager/target/classes/conf/sec.policy
[2019-11-24 13:22:45][INFOS  ][me.elhoussam.core.Manager:41]Manager Ip Address : 192.168.1.3
[2019-11-24 13:22:45][INFOS  ][me.elhoussam.core.Manager:47]Manager Server is ready.
[2019-11-24 13:22:45][INFOS  ][me.elhoussam.util.sys.PropertyHandler:34]The External config file doesn't exist.. we will use the internal
[2019-11-24 13:22:45][INFOS  ][me.elhoussam.util.sys.PropertyHandler:41]config path = null
[2019-11-24 13:22:45][INFOS  ][me.elhoussam.util.sys.PropertyHandler:47]PropertyHandler read value 60
[2019-11-24 13:22:45][INFOS  ][me.elhoussam.core.connection:35]Connection launch Notifier thread
[2019-11-24 13:22:45][INFOS  ][me.elhoussam.core.connection$3:163]Connection Notifier: Waiting
[2019-11-24 13:22:45][INFOS  ][me.elhoussam.core.connection:39]Manager launch Checker thread
[2019-11-24 13:22:45][INFOS  ][me.elhoussam.core.connection:43]Manager launch Eliminator thread
[2019-11-24 13:22:45][INFOS  ][me.elhoussam.util.sys.PropertyHandler:34]The External config file doesn't exist.. we will use the internal
[2019-11-24 13:22:45][INFOS  ][me.elhoussam.util.sys.PropertyHandler:41]config path = null
[2019-11-24 13:22:45][INFOS  ][me.elhoussam.util.sys.PropertyHandler:47]PropertyHandler read value 180
[2019-11-24 13:25:55][INFOS  ][me.elhoussam.core.Manager:78]Start Manager Applicaion
[2019-11-24 13:25:55][INFOS  ][me.elhoussam.util.sys.SecurityHandler:35]The External policy file doesn't exist.. we will use the internal
[2019-11-24 13:25:55][INFOS  ][me.elhoussam.util.sys.SecurityHandler:38]security path = file:/C:/Users/Administrateur/eclipse-workspace/setupManager/target/classes/conf/sec.policy
[2019-11-24 13:25:55][INFOS  ][me.elhoussam.util.sys.SecurityHandler:41]The Security policy is initialized
[2019-11-24 13:25:55][INFOS  ][me.elhoussam.util.sys.SecurityHandler:58]The Security policy setup
[2019-11-24 13:25:55][INFOS  ][me.elhoussam.core.Manager:27]Security State : file:/C:/Users/Administrateur/eclipse-workspace/setupManager/target/classes/conf/sec.policy
[2019-11-24 13:25:57][INFOS  ][me.elhoussam.core.Manager:41]Manager Ip Address : 192.168.1.3
[2019-11-24 13:25:57][INFOS  ][me.elhoussam.core.Manager:47]Manager Server is ready.
[2019-11-24 13:25:57][INFOS  ][me.elhoussam.util.sys.PropertyHandler:34]The External config file doesn't exist.. we will use the internal
[2019-11-24 13:25:57][INFOS  ][me.elhoussam.util.sys.PropertyHandler:41]config path = null
[2019-11-24 13:25:57][INFOS  ][me.elhoussam.util.sys.PropertyHandler:47]PropertyHandler read value 60
[2019-11-24 13:25:57][INFOS  ][me.elhoussam.core.connection:35]Connection launch Notifier thread
[2019-11-24 13:25:57][INFOS  ][me.elhoussam.core.connection:39]Manager launch Checker thread
[2019-11-24 13:25:57][INFOS  ][me.elhoussam.core.connection$3:163]Connection Notifier: Waiting
[2019-11-24 13:25:57][INFOS  ][me.elhoussam.core.connection:43]Manager launch Eliminator thread
[2019-11-24 13:25:57][INFOS  ][me.elhoussam.util.sys.PropertyHandler:34]The External config file doesn't exist.. we will use the internal
[2019-11-24 13:25:57][INFOS  ][me.elhoussam.util.sys.PropertyHandler:41]config path = null
[2019-11-24 13:25:57][INFOS  ][me.elhoussam.util.sys.PropertyHandler:47]PropertyHandler read value 180
[2019-11-24 13:26:54][INFOS  ][me.elhoussam.core.Manager:78]Start Manager Applicaion
[2019-11-24 13:26:54][INFOS  ][me.elhoussam.util.sys.SecurityHandler:35]The External policy file doesn't exist.. we will use the internal
[2019-11-24 13:26:54][INFOS  ][me.elhoussam.util.sys.SecurityHandler:38]security path = file:/C:/Users/Administrateur/eclipse-workspace/setupManager/target/classes/conf/sec.policy
[2019-11-24 13:26:54][INFOS  ][me.elhoussam.util.sys.SecurityHandler:41]The Security policy is initialized
[2019-11-24 13:26:54][INFOS  ][me.elhoussam.util.sys.SecurityHandler:58]The Security policy setup
[2019-11-24 13:26:54][INFOS  ][me.elhoussam.core.Manager:27]Security State : file:/C:/Users/Administrateur/eclipse-workspace/setupManager/target/classes/conf/sec.policy
[2019-11-24 13:26:56][INFOS  ][me.elhoussam.core.Manager:41]Manager Ip Address : 192.168.1.3
[2019-11-24 13:26:57][INFOS  ][me.elhoussam.core.Manager:47]Manager Server is ready.
[2019-11-24 13:26:57][INFOS  ][me.elhoussam.util.sys.PropertyHandler:34]The External config file doesn't exist.. we will use the internal
[2019-11-24 13:26:57][INFOS  ][me.elhoussam.util.sys.PropertyHandler:41]config path = null
[2019-11-24 13:26:57][INFOS  ][me.elhoussam.util.sys.PropertyHandler:47]PropertyHandler read value 60
[2019-11-24 13:26:57][INFOS  ][me.elhoussam.core.connection:35]Connection launch Notifier thread
[2019-11-24 13:26:57][INFOS  ][me.elhoussam.core.connection$3:163]Connection Notifier: Waiting
[2019-11-24 13:26:57][INFOS  ][me.elhoussam.core.connection:39]Manager launch Checker thread
[2019-11-24 13:26:57][INFOS  ][me.elhoussam.core.connection:43]Manager launch Eliminator thread
[2019-11-24 13:26:57][INFOS  ][me.elhoussam.util.sys.PropertyHandler:34]The External config file doesn't exist.. we will use the internal
[2019-11-24 13:26:57][INFOS  ][me.elhoussam.util.sys.PropertyHandler:41]config path = null
[2019-11-24 13:26:57][INFOS  ][me.elhoussam.util.sys.PropertyHandler:47]PropertyHandler read value 180
[2019-11-24 13:27:00][GRAVE  ][me.elhoussam.core.Manager:87]Manager start :java.util.NoSuchElementException
[2019-11-24 13:40:53][INFOS  ][me.elhoussam.core.Manager:78]Start Manager Applicaion
[2019-11-24 13:40:53][INFOS  ][me.elhoussam.util.sys.SecurityHandler:35]The External policy file doesn't exist.. we will use the internal
[2019-11-24 13:40:53][INFOS  ][me.elhoussam.util.sys.SecurityHandler:38]security path = file:/C:/Users/Administrateur/eclipse-workspace/setupManager/target/classes/conf/sec.policy
[2019-11-24 13:40:53][INFOS  ][me.elhoussam.util.sys.SecurityHandler:41]The Security policy is initialized
[2019-11-24 13:40:53][INFOS  ][me.elhoussam.util.sys.SecurityHandler:58]The Security policy setup
[2019-11-24 13:40:53][INFOS  ][me.elhoussam.core.Manager:27]Security State : file:/C:/Users/Administrateur/eclipse-workspace/setupManager/target/classes/conf/sec.policy
[2019-11-24 13:40:55][INFOS  ][me.elhoussam.core.Manager:41]Manager Ip Address : 192.168.1.3
[2019-11-24 13:40:55][INFOS  ][me.elhoussam.core.Manager:47]Manager Server is ready.
[2019-11-24 13:40:55][INFOS  ][me.elhoussam.util.sys.PropertyHandler:34]The External config file doesn't exist.. we will use the internal
[2019-11-24 13:40:55][INFOS  ][me.elhoussam.util.sys.PropertyHandler:41]config path = null
[2019-11-24 13:40:55][INFOS  ][me.elhoussam.util.sys.PropertyHandler:47]PropertyHandler read value 60
[2019-11-24 13:40:55][INFOS  ][me.elhoussam.core.connection:35]Connection launch Notifier thread
[2019-11-24 13:40:55][INFOS  ][me.elhoussam.core.connection$3:163]Connection Notifier: Waiting
[2019-11-24 13:40:55][INFOS  ][me.elhoussam.core.connection:39]Manager launch Checker thread
[2019-11-24 13:40:55][INFOS  ][me.elhoussam.core.connection:43]Manager launch Eliminator thread
[2019-11-24 13:40:55][INFOS  ][me.elhoussam.util.sys.PropertyHandler:34]The External config file doesn't exist.. we will use the internal
[2019-11-24 13:40:55][INFOS  ][me.elhoussam.util.sys.PropertyHandler:41]config path = null
[2019-11-24 13:40:55][INFOS  ][me.elhoussam.util.sys.PropertyHandler:47]PropertyHandler read value 180
[2019-11-24 13:43:59][INFOS  ][me.elhoussam.core.Manager:78]Start Manager Applicaion
[2019-11-24 13:43:59][INFOS  ][me.elhoussam.util.sys.SecurityHandler:35]The External policy file doesn't exist.. we will use the internal
[2019-11-24 13:43:59][INFOS  ][me.elhoussam.util.sys.SecurityHandler:38]security path = file:/C:/Users/Administrateur/eclipse-workspace/setupManager/target/classes/conf/sec.policy
[2019-11-24 13:43:59][INFOS  ][me.elhoussam.util.sys.SecurityHandler:41]The Security policy is initialized
[2019-11-24 13:43:59][INFOS  ][me.elhoussam.util.sys.SecurityHandler:58]The Security policy setup
[2019-11-24 13:43:59][INFOS  ][me.elhoussam.core.Manager:27]Security State : file:/C:/Users/Administrateur/eclipse-workspace/setupManager/target/classes/conf/sec.policy
[2019-11-24 13:44:02][INFOS  ][me.elhoussam.core.Manager:41]Manager Ip Address : 192.168.1.3
[2019-11-24 13:44:02][INFOS  ][me.elhoussam.core.Manager:47]Manager Server is ready.
[2019-11-24 13:44:02][INFOS  ][me.elhoussam.util.sys.PropertyHandler:34]The External config file doesn't exist.. we will use the internal
[2019-11-24 13:44:02][INFOS  ][me.elhoussam.util.sys.PropertyHandler:41]config path = null
[2019-11-24 13:44:02][INFOS  ][me.elhoussam.util.sys.PropertyHandler:47]PropertyHandler read value 60
[2019-11-24 13:44:02][INFOS  ][me.elhoussam.core.connection:35]Connection launch Notifier thread
[2019-11-24 13:44:02][INFOS  ][me.elhoussam.core.connection$3:163]Connection Notifier: Waiting
[2019-11-24 13:44:02][INFOS  ][me.elhoussam.core.connection:39]Manager launch Checker thread
[2019-11-24 13:44:02][INFOS  ][me.elhoussam.core.connection:43]Manager launch Eliminator thread
[2019-11-24 13:44:02][INFOS  ][me.elhoussam.util.sys.PropertyHandler:34]The External config file doesn't exist.. we will use the internal
[2019-11-24 13:44:02][INFOS  ][me.elhoussam.util.sys.PropertyHandler:41]config path = null
[2019-11-24 13:44:02][INFOS  ][me.elhoussam.util.sys.PropertyHandler:47]PropertyHandler read value 180
[2019-11-24 13:44:06][GRAVE  ][me.elhoussam.core.Manager:87]Manager start :java.util.NoSuchElementException
[2019-11-24 13:45:15][INFOS  ][me.elhoussam.core.Manager:78]Start Manager Applicaion
[2019-11-24 13:45:15][INFOS  ][me.elhoussam.util.sys.SecurityHandler:35]The External policy file doesn't exist.. we will use the internal
[2019-11-24 13:45:15][INFOS  ][me.elhoussam.util.sys.SecurityHandler:38]security path = file:/C:/Users/Administrateur/eclipse-workspace/setupManager/target/classes/conf/sec.policy
[2019-11-24 13:45:15][INFOS  ][me.elhoussam.util.sys.SecurityHandler:41]The Security policy is initialized
[2019-11-24 13:45:15][INFOS  ][me.elhoussam.util.sys.SecurityHandler:58]The Security policy setup
[2019-11-24 13:45:15][INFOS  ][me.elhoussam.core.Manager:27]Security State : file:/C:/Users/Administrateur/eclipse-workspace/setupManager/target/classes/conf/sec.policy
[2019-11-24 13:45:18][INFOS  ][me.elhoussam.core.Manager:41]Manager Ip Address : 192.168.1.3
[2019-11-24 13:45:18][INFOS  ][me.elhoussam.core.Manager:47]Manager Server is ready.
[2019-11-24 13:45:18][INFOS  ][me.elhoussam.util.sys.PropertyHandler:34]The External config file doesn't exist.. we will use the internal
[2019-11-24 13:45:18][INFOS  ][me.elhoussam.util.sys.PropertyHandler:41]config path = null
[2019-11-24 13:45:18][INFOS  ][me.elhoussam.util.sys.PropertyHandler:47]PropertyHandler read value 60
[2019-11-24 13:45:18][INFOS  ][me.elhoussam.core.connection:35]Connection launch Notifier thread
[2019-11-24 13:45:18][INFOS  ][me.elhoussam.core.connection:39]Manager launch Checker thread
[2019-11-24 13:45:18][INFOS  ][me.elhoussam.core.connection$3:163]Connection Notifier: Waiting
[2019-11-24 13:45:18][INFOS  ][me.elhoussam.core.connection:43]Manager launch Eliminator thread
[2019-11-24 13:45:18][INFOS  ][me.elhoussam.util.sys.PropertyHandler:34]The External config file doesn't exist.. we will use the internal
[2019-11-24 13:45:18][INFOS  ][me.elhoussam.util.sys.PropertyHandler:41]config path = null
[2019-11-24 13:45:18][INFOS  ][me.elhoussam.util.sys.PropertyHandler:47]PropertyHandler read value 180
[2019-11-24 13:45:51][GRAVE  ][me.elhoussam.core.Manager:87]Manager start :java.util.NoSuchElementException
[2019-11-24 13:57:30][INFOS  ][me.elhoussam.core.Manager:78]Start Manager Applicaion
[2019-11-24 13:57:30][INFOS  ][me.elhoussam.util.sys.SecurityHandler:35]The External policy file doesn't exist.. we will use the internal
[2019-11-24 13:57:30][INFOS  ][me.elhoussam.util.sys.SecurityHandler:38]security path = file:/C:/Users/Administrateur/eclipse-workspace/setupManager/target/classes/conf/sec.policy
[2019-11-24 13:57:30][INFOS  ][me.elhoussam.util.sys.SecurityHandler:41]The Security policy is initialized
[2019-11-24 13:57:30][INFOS  ][me.elhoussam.util.sys.SecurityHandler:58]The Security policy setup
[2019-11-24 13:57:30][INFOS  ][me.elhoussam.core.Manager:27]Security State : file:/C:/Users/Administrateur/eclipse-workspace/setupManager/target/classes/conf/sec.policy
[2019-11-24 13:57:32][INFOS  ][me.elhoussam.core.Manager:41]Manager Ip Address : 192.168.1.3
[2019-11-24 13:57:33][INFOS  ][me.elhoussam.core.Manager:47]Manager Server is ready.
[2019-11-24 13:57:33][INFOS  ][me.elhoussam.util.sys.PropertyHandler:34]The External config file doesn't exist.. we will use the internal
[2019-11-24 13:57:33][INFOS  ][me.elhoussam.util.sys.PropertyHandler:41]config path = null
[2019-11-24 13:57:33][INFOS  ][me.elhoussam.util.sys.PropertyHandler:47]PropertyHandler read value 60
[2019-11-24 13:57:33][INFOS  ][me.elhoussam.core.connection:35]Connection launch Notifier thread
[2019-11-24 13:57:33][INFOS  ][me.elhoussam.core.connection$3:163]Connection Notifier: Waiting
[2019-11-24 13:57:33][INFOS  ][me.elhoussam.core.connection:39]Manager launch Checker thread
[2019-11-24 13:57:33][INFOS  ][me.elhoussam.core.connection:43]Manager launch Eliminator thread
[2019-11-24 13:57:33][INFOS  ][me.elhoussam.util.sys.PropertyHandler:34]The External config file doesn't exist.. we will use the internal
[2019-11-24 13:57:33][INFOS  ][me.elhoussam.util.sys.PropertyHandler:41]config path = null
[2019-11-24 13:57:33][INFOS  ][me.elhoussam.util.sys.PropertyHandler:47]PropertyHandler read value 180
[2019-11-24 13:57:39][GRAVE  ][me.elhoussam.core.Manager:87]Manager start :java.util.NoSuchElementException
[2019-11-24 14:02:18][INFOS  ][me.elhoussam.core.Manager:78]Start Manager Applicaion
[2019-11-24 14:02:18][INFOS  ][me.elhoussam.util.sys.SecurityHandler:35]The External policy file doesn't exist.. we will use the internal
[2019-11-24 14:02:18][INFOS  ][me.elhoussam.util.sys.SecurityHandler:38]security path = file:/C:/Users/Administrateur/eclipse-workspace/setupManager/target/classes/conf/sec.policy
[2019-11-24 14:02:18][INFOS  ][me.elhoussam.util.sys.SecurityHandler:41]The Security policy is initialized
[2019-11-24 14:02:18][INFOS  ][me.elhoussam.util.sys.SecurityHandler:58]The Security policy setup
[2019-11-24 14:02:18][INFOS  ][me.elhoussam.core.Manager:27]Security State : file:/C:/Users/Administrateur/eclipse-workspace/setupManager/target/classes/conf/sec.policy
[2019-11-24 14:02:21][INFOS  ][me.elhoussam.core.Manager:41]Manager Ip Address : 192.168.1.3
[2019-11-24 14:02:21][INFOS  ][me.elhoussam.core.Manager:47]Manager Server is ready.
[2019-11-24 14:02:21][INFOS  ][me.elhoussam.util.sys.PropertyHandler:34]The External config file doesn't exist.. we will use the internal
[2019-11-24 14:02:21][INFOS  ][me.elhoussam.util.sys.PropertyHandler:41]config path = null
[2019-11-24 14:02:21][INFOS  ][me.elhoussam.util.sys.PropertyHandler:47]PropertyHandler read value 60
[2019-11-24 14:02:21][INFOS  ][me.elhoussam.core.connection:35]Connection launch Notifier thread
[2019-11-24 14:02:21][INFOS  ][me.elhoussam.core.connection$3:163]Connection Notifier: Waiting
[2019-11-24 14:02:21][INFOS  ][me.elhoussam.core.connection:39]Manager launch Checker thread
[2019-11-24 14:02:21][INFOS  ][me.elhoussam.core.connection:43]Manager launch Eliminator thread
[2019-11-24 14:02:21][INFOS  ][me.elhoussam.util.sys.PropertyHandler:34]The External config file doesn't exist.. we will use the internal
[2019-11-24 14:02:21][INFOS  ][me.elhoussam.util.sys.PropertyHandler:41]config path = null
[2019-11-24 14:02:21][INFOS  ][me.elhoussam.util.sys.PropertyHandler:47]PropertyHandler read value 180
[2019-11-24 14:05:27][INFOS  ][me.elhoussam.core.Manager:78]Start Manager Applicaion
[2019-11-24 14:05:27][INFOS  ][me.elhoussam.util.sys.SecurityHandler:35]The External policy file doesn't exist.. we will use the internal
[2019-11-24 14:05:27][INFOS  ][me.elhoussam.util.sys.SecurityHandler:38]security path = file:/C:/Users/Administrateur/eclipse-workspace/setupManager/target/classes/conf/sec.policy
[2019-11-24 14:05:27][INFOS  ][me.elhoussam.util.sys.SecurityHandler:41]The Security policy is initialized
[2019-11-24 14:05:27][INFOS  ][me.elhoussam.util.sys.SecurityHandler:58]The Security policy setup
[2019-11-24 14:05:27][INFOS  ][me.elhoussam.core.Manager:27]Security State : file:/C:/Users/Administrateur/eclipse-workspace/setupManager/target/classes/conf/sec.policy
[2019-11-24 14:05:29][INFOS  ][me.elhoussam.core.Manager:41]Manager Ip Address : 192.168.1.3
[2019-11-24 14:05:29][INFOS  ][me.elhoussam.core.Manager:47]Manager Server is ready.
[2019-11-24 14:05:29][INFOS  ][me.elhoussam.util.sys.PropertyHandler:34]The External config file doesn't exist.. we will use the internal
[2019-11-24 14:05:29][INFOS  ][me.elhoussam.util.sys.PropertyHandler:41]config path = null
[2019-11-24 14:05:29][INFOS  ][me.elhoussam.util.sys.PropertyHandler:47]PropertyHandler read value 60
[2019-11-24 14:05:29][INFOS  ][me.elhoussam.core.connection:35]Connection launch Notifier thread
[2019-11-24 14:05:29][INFOS  ][me.elhoussam.core.connection$3:163]Connection Notifier: Waiting
[2019-11-24 14:05:29][INFOS  ][me.elhoussam.core.connection:39]Manager launch Checker thread
[2019-11-24 14:05:29][INFOS  ][me.elhoussam.core.connection:43]Manager launch Eliminator thread
[2019-11-24 14:05:29][INFOS  ][me.elhoussam.util.sys.PropertyHandler:34]The External config file doesn't exist.. we will use the internal
[2019-11-24 14:05:29][INFOS  ][me.elhoussam.util.sys.PropertyHandler:41]config path = null
[2019-11-24 14:05:29][INFOS  ][me.elhoussam.util.sys.PropertyHandler:47]PropertyHandler read value 180
[2019-11-24 14:07:03][GRAVE  ][me.elhoussam.core.Manager:87]Manager start :java.util.NoSuchElementException
[2019-11-24 14:07:27][INFOS  ][me.elhoussam.core.Manager:78]Start Manager Applicaion
[2019-11-24 14:07:27][INFOS  ][me.elhoussam.util.sys.SecurityHandler:35]The External policy file doesn't exist.. we will use the internal
[2019-11-24 14:07:27][INFOS  ][me.elhoussam.util.sys.SecurityHandler:38]security path = file:/C:/Users/Administrateur/eclipse-workspace/setupManager/target/classes/conf/sec.policy
[2019-11-24 14:07:27][INFOS  ][me.elhoussam.util.sys.SecurityHandler:41]The Security policy is initialized
[2019-11-24 14:07:27][INFOS  ][me.elhoussam.util.sys.SecurityHandler:58]The Security policy setup
[2019-11-24 14:07:27][INFOS  ][me.elhoussam.core.Manager:27]Security State : file:/C:/Users/Administrateur/eclipse-workspace/setupManager/target/classes/conf/sec.policy
[2019-11-24 14:07:29][INFOS  ][me.elhoussam.core.Manager:41]Manager Ip Address : 192.168.1.3
[2019-11-24 14:07:30][INFOS  ][me.elhoussam.core.Manager:47]Manager Server is ready.
[2019-11-24 14:07:30][INFOS  ][me.elhoussam.util.sys.PropertyHandler:34]The External config file doesn't exist.. we will use the internal
[2019-11-24 14:07:30][INFOS  ][me.elhoussam.util.sys.PropertyHandler:41]config path = null
[2019-11-24 14:07:30][INFOS  ][me.elhoussam.util.sys.PropertyHandler:47]PropertyHandler read value 60
[2019-11-24 14:07:30][INFOS  ][me.elhoussam.core.connection:35]Connection launch Notifier thread
[2019-11-24 14:07:30][INFOS  ][me.elhoussam.core.connection$3:163]Connection Notifier: Waiting
[2019-11-24 14:07:30][INFOS  ][me.elhoussam.core.connection:39]Manager launch Checker thread
[2019-11-24 14:07:30][INFOS  ][me.elhoussam.core.connection:43]Manager launch Eliminator thread
[2019-11-24 14:07:30][INFOS  ][me.elhoussam.util.sys.PropertyHandler:34]The External config file doesn't exist.. we will use the internal
[2019-11-24 14:07:30][INFOS  ][me.elhoussam.util.sys.PropertyHandler:41]config path = null
[2019-11-24 14:07:30][INFOS  ][me.elhoussam.util.sys.PropertyHandler:47]PropertyHandler read value 180
[2019-11-24 14:12:58][INFOS  ][me.elhoussam.core.Manager:78]Start Manager Applicaion
[2019-11-24 14:12:58][INFOS  ][me.elhoussam.util.sys.SecurityHandler:35]The External policy file doesn't exist.. we will use the internal
[2019-11-24 14:12:58][INFOS  ][me.elhoussam.util.sys.SecurityHandler:38]security path = file:/C:/Users/Administrateur/eclipse-workspace/setupManager/target/classes/conf/sec.policy
[2019-11-24 14:12:58][INFOS  ][me.elhoussam.util.sys.SecurityHandler:41]The Security policy is initialized
[2019-11-24 14:12:58][INFOS  ][me.elhoussam.util.sys.SecurityHandler:58]The Security policy setup
[2019-11-24 14:12:58][INFOS  ][me.elhoussam.core.Manager:27]Security State : file:/C:/Users/Administrateur/eclipse-workspace/setupManager/target/classes/conf/sec.policy
[2019-11-24 14:13:00][INFOS  ][me.elhoussam.core.Manager:41]Manager Ip Address : 192.168.1.3
[2019-11-24 14:13:00][INFOS  ][me.elhoussam.core.Manager:47]Manager Server is ready.
[2019-11-24 14:13:00][INFOS  ][me.elhoussam.util.sys.PropertyHandler:34]The External config file doesn't exist.. we will use the internal
[2019-11-24 14:13:00][INFOS  ][me.elhoussam.util.sys.PropertyHandler:41]config path = null
[2019-11-24 14:13:00][INFOS  ][me.elhoussam.util.sys.PropertyHandler:47]PropertyHandler read value 60
[2019-11-24 14:13:00][INFOS  ][me.elhoussam.core.connection:35]Connection launch Notifier thread
[2019-11-24 14:13:00][INFOS  ][me.elhoussam.core.connection$3:163]Connection Notifier: Waiting
[2019-11-24 14:13:00][INFOS  ][me.elhoussam.core.connection:39]Manager launch Checker thread
[2019-11-24 14:13:00][INFOS  ][me.elhoussam.core.connection:43]Manager launch Eliminator thread
[2019-11-24 14:13:00][INFOS  ][me.elhoussam.util.sys.PropertyHandler:34]The External config file doesn't exist.. we will use the internal
[2019-11-24 14:13:00][INFOS  ][me.elhoussam.util.sys.PropertyHandler:41]config path = null
[2019-11-24 14:13:00][INFOS  ][me.elhoussam.util.sys.PropertyHandler:47]PropertyHandler read value 180
[2019-11-24 14:21:09][INFOS  ][me.elhoussam.core.Manager:78]Start Manager Applicaion
[2019-11-24 14:21:09][INFOS  ][me.elhoussam.util.sys.SecurityHandler:35]The External policy file doesn't exist.. we will use the internal
[2019-11-24 14:21:09][INFOS  ][me.elhoussam.util.sys.SecurityHandler:38]security path = file:/C:/Users/Administrateur/eclipse-workspace/setupManager/target/classes/conf/sec.policy
[2019-11-24 14:21:09][INFOS  ][me.elhoussam.util.sys.SecurityHandler:41]The Security policy is initialized
[2019-11-24 14:21:09][INFOS  ][me.elhoussam.util.sys.SecurityHandler:58]The Security policy setup
[2019-11-24 14:21:09][INFOS  ][me.elhoussam.core.Manager:27]Security State : file:/C:/Users/Administrateur/eclipse-workspace/setupManager/target/classes/conf/sec.policy
[2019-11-24 14:21:11][INFOS  ][me.elhoussam.core.Manager:41]Manager Ip Address : 192.168.1.3
[2019-11-24 14:21:11][INFOS  ][me.elhoussam.core.Manager:47]Manager Server is ready.
[2019-11-24 14:21:11][INFOS  ][me.elhoussam.util.sys.PropertyHandler:34]The External config file doesn't exist.. we will use the internal
[2019-11-24 14:21:11][INFOS  ][me.elhoussam.util.sys.PropertyHandler:41]config path = null
[2019-11-24 14:21:11][INFOS  ][me.elhoussam.util.sys.PropertyHandler:47]PropertyHandler read value 60
[2019-11-24 14:21:11][INFOS  ][me.elhoussam.core.connection:35]Connection launch Notifier thread
[2019-11-24 14:21:11][INFOS  ][me.elhoussam.core.connection$3:163]Connection Notifier: Waiting
[2019-11-24 14:21:11][INFOS  ][me.elhoussam.core.connection:39]Manager launch Checker thread
[2019-11-24 14:21:11][INFOS  ][me.elhoussam.core.connection:43]Manager launch Eliminator thread
[2019-11-24 14:21:11][INFOS  ][me.elhoussam.util.sys.PropertyHandler:34]The External config file doesn't exist.. we will use the internal
[2019-11-24 14:21:11][INFOS  ][me.elhoussam.util.sys.PropertyHandler:41]config path = null
[2019-11-24 14:21:11][INFOS  ][me.elhoussam.util.sys.PropertyHandler:47]PropertyHandler read value 180
[2019-11-24 14:21:15][GRAVE  ][me.elhoussam.core.Manager:87]Manager start :java.util.NoSuchElementException
[2019-11-24 14:21:27][INFOS  ][me.elhoussam.core.Manager:78]Start Manager Applicaion
[2019-11-24 14:21:27][INFOS  ][me.elhoussam.util.sys.SecurityHandler:35]The External policy file doesn't exist.. we will use the internal
[2019-11-24 14:21:27][INFOS  ][me.elhoussam.util.sys.SecurityHandler:38]security path = file:/C:/Users/Administrateur/eclipse-workspace/setupManager/target/classes/conf/sec.policy
[2019-11-24 14:21:27][INFOS  ][me.elhoussam.util.sys.SecurityHandler:41]The Security policy is initialized
[2019-11-24 14:21:27][INFOS  ][me.elhoussam.util.sys.SecurityHandler:58]The Security policy setup
[2019-11-24 14:21:27][INFOS  ][me.elhoussam.core.Manager:27]Security State : file:/C:/Users/Administrateur/eclipse-workspace/setupManager/target/classes/conf/sec.policy
[2019-11-24 14:21:29][INFOS  ][me.elhoussam.core.Manager:41]Manager Ip Address : 192.168.1.3
[2019-11-24 14:21:30][INFOS  ][me.elhoussam.core.Manager:47]Manager Server is ready.
[2019-11-24 14:21:30][INFOS  ][me.elhoussam.util.sys.PropertyHandler:34]The External config file doesn't exist.. we will use the internal
[2019-11-24 14:21:30][INFOS  ][me.elhoussam.util.sys.PropertyHandler:41]config path = null
[2019-11-24 14:21:30][INFOS  ][me.elhoussam.util.sys.PropertyHandler:47]PropertyHandler read value 60
[2019-11-24 14:21:30][INFOS  ][me.elhoussam.core.connection:35]Connection launch Notifier thread
[2019-11-24 14:21:30][INFOS  ][me.elhoussam.core.connection:39]Manager launch Checker thread
[2019-11-24 14:21:30][INFOS  ][me.elhoussam.core.connection:43]Manager launch Eliminator thread
[2019-11-24 14:21:30][INFOS  ][me.elhoussam.core.connection$3:163]Connection Notifier: Waiting
[2019-11-24 14:21:30][INFOS  ][me.elhoussam.util.sys.PropertyHandler:34]The External config file doesn't exist.. we will use the internal
[2019-11-24 14:21:30][INFOS  ][me.elhoussam.util.sys.PropertyHandler:41]config path = null
[2019-11-24 14:21:30][INFOS  ][me.elhoussam.util.sys.PropertyHandler:47]PropertyHandler read value 180
