[2019-11-01 23:33:41] [INFOS  ] [me.elhoussam.provide.Security:22] The Security policy is initialized 
[2019-11-01 23:33:41] [INFOS  ] [me.elhoussam.provide.Security:38] The Security policy setup 
[2019-11-01 23:33:41] [INFOS  ] [PcEntryPoint:37] Security State : jar:file:/C:/Users/Administrateur/eclipse-workspace/setupPC/target/setupPC-0.0.1-SNAPSHOT-jar-with-dependencies.jar!/config/security.policy 
[2019-11-01 23:33:41] [INFOS  ] [PcEntryPoint:42] PC Active :msg is recieved
 
[2019-11-01 23:33:41] [INFOS  ] [me.elhoussam.provide.Security:22] The Security policy is initialized 
[2019-11-01 23:33:41] [INFOS  ] [me.elhoussam.provide.Security:38] The Security policy setup 
[2019-11-01 23:33:41] [INFOS  ] [PcEntryPoint:21] Security State : jar:file:/C:/Users/Administrateur/eclipse-workspace/setupPC/target/setupPC-0.0.1-SNAPSHOT-jar-with-dependencies.jar!/config/security.policy 
[2019-11-01 23:33:41] [GRAVE  ] [PcEntryPoint:29] Manager App failed: java.rmi.ServerException: RemoteException occurred in server thread; nested exception is: 
	java.rmi.UnmarshalException: error unmarshalling arguments; nested exception is: 
	java.lang.ClassNotFoundException: me.elhoussam.provide.infoInterface 
[2019-11-01 23:36:59] [INFOS  ] [me.elhoussam.provide.Security:22] The Security policy is initialized 
[2019-11-01 23:36:59] [INFOS  ] [me.elhoussam.provide.Security:38] The Security policy setup 
[2019-11-01 23:36:59] [INFOS  ] [PcEntryPoint:37] Security State : jar:file:/C:/Users/Administrateur/eclipse-workspace/setupPC/target/setupPC-0.0.1-SNAPSHOT-jar-with-dependencies.jar!/config/security.policy 
[2019-11-01 23:36:59] [INFOS  ] [PcEntryPoint:42] PC Active :msg is recieved
 
[2019-11-01 23:36:59] [INFOS  ] [me.elhoussam.provide.Security:22] The Security policy is initialized 
[2019-11-01 23:36:59] [INFOS  ] [me.elhoussam.provide.Security:38] The Security policy setup 
[2019-11-01 23:36:59] [INFOS  ] [PcEntryPoint:21] Security State : jar:file:/C:/Users/Administrateur/eclipse-workspace/setupPC/target/setupPC-0.0.1-SNAPSHOT-jar-with-dependencies.jar!/config/security.policy 
[2019-11-01 23:36:59] [GRAVE  ] [PcEntryPoint:29] Provider PC failed: java.rmi.server.ExportException: Port already in use: 1099; nested exception is: 
	java.net.BindException: Address already in use: JVM_Bind 
[2019-11-01 23:40:00] [INFOS  ] [me.elhoussam.provide.Security:22] The Security policy is initialized 
[2019-11-01 23:40:00] [INFOS  ] [me.elhoussam.provide.Security:38] The Security policy setup 
[2019-11-01 23:40:00] [INFOS  ] [PcEntryPoint:38] Security State : jar:file:/C:/Users/Administrateur/eclipse-workspace/setupPC/target/setupPC-0.0.1-SNAPSHOT-jar-with-dependencies.jar!/config/security.policy 
[2019-11-01 23:40:02] [INFOS  ] [PcEntryPoint:43] PC Active :msg is recieved
 
[2019-11-01 23:40:02] [INFOS  ] [me.elhoussam.provide.Security:22] The Security policy is initialized 
[2019-11-01 23:40:02] [INFOS  ] [me.elhoussam.provide.Security:38] The Security policy setup 
[2019-11-01 23:40:02] [INFOS  ] [PcEntryPoint:21] Security State : jar:file:/C:/Users/Administrateur/eclipse-workspace/setupPC/target/setupPC-0.0.1-SNAPSHOT-jar-with-dependencies.jar!/config/security.policy 
[2019-11-01 23:40:02] [GRAVE  ] [PcEntryPoint:30] Provider PC failed: java.rmi.ServerException: RemoteException occurred in server thread; nested exception is: 
	java.rmi.UnmarshalException: error unmarshalling arguments; nested exception is: 
	java.lang.ClassNotFoundException: me.elhoussam.provide.infoInterface 
